<?xml version="1.0" encoding="UTF-8"?>
<!-- Generated by org.testng.reporters.JUnitReportReporter -->
<testsuite hostname="Aras-MBP" failures="0" tests="3" name="picartFramework.picartTask1" time="18.075" errors="0" timestamp="2024-07-16T23:35:02 AMT" skipped="0">
  <testcase classname="picartFramework.picartTask1" name="testWithDifferentResolutions" time="7.169"/>
  <testcase classname="picartFramework.picartTask1" name="testWithDifferentResolutions" time="5.522"/>
  <testcase classname="picartFramework.picartTask1" name="testWithDifferentResolutions" time="5.384"/>
</testsuite> <!-- picartFramework.picartTask1 -->
