<?xml version="1.0" encoding="UTF-8"?>
<!-- Generated by org.testng.reporters.JUnitReportReporter -->
<testsuite hostname="Aras-MBP" failures="0" tests="3" name="Selenium1.SearchImageTestNG" time="30.966" errors="0" timestamp="2024-07-17T11:06:24 AMT" skipped="0">
  <testcase classname="Selenium1.SearchImageTestNG" name="testSeleniumScript" time="11.661"/>
  <testcase classname="Selenium1.SearchImageTestNG" name="testSeleniumScript" time="7.923"/>
  <testcase classname="Selenium1.SearchImageTestNG" name="testSeleniumScript" time="11.382"/>
</testsuite> <!-- Selenium1.SearchImageTestNG -->
