<?xml version="1.0" encoding="UTF-8"?>
<!-- Generated by org.testng.reporters.JUnitReportReporter -->
<testsuite hostname="Aras-MBP" failures="0" tests="1" name="Selenium1.ApiTest" time="2.660" errors="0" timestamp="2024-07-17T10:58:58 AMT" skipped="0">
  <testcase classname="Selenium1.ApiTest" name="testApi" time="2.660"/>
</testsuite> <!-- Selenium1.ApiTest -->
